2021-02-08 12:43:29 -  - exec CUpdateClientPartner::SearchModulesEx
2021-02-08 12:43:29 -  - exec CUpdateClientPartner::__CollectRequestData
2021-02-08 12:43:29 -  - utf=Y&lang=ru&stable=Y&CANGZIP=Y&SUPD_DBS=MYSQL&XE=N&CLIENT_SITE=biblio&LICENSE_KEY=X&SUPD_STS=1&SUPD_URS=0&SUPD_URSA=1&TYPENC=D&CLIENT_PHPVER=7.1.33&NGINX=Y&dbv=8.0.19&instm=main%2C20.200.300%2CY%3Bb24connector%2C20.5.0%2CN%3Bbitrix.sitecorporate%2C15.5.0%2CN%3Bbitrixcloud%2C20.5.0%2CN%3Bclouds%2C20.100.0%2CN%3Bfileman%2C20.5.0%2CN%3Bhighloadblock%2C20.100.0%2CN%3Biblock%2C20.0.1150%2CN%3Blanding%2C20.4.850%2CN%3Bmessageservice%2C20.100.0%2CN%3Bperfmon%2C20.100.0%2CN%3Brest%2C20.50.150%2CN%3Bsearch%2C20.5.0%2CN%3Bseo%2C20.0.400%2CN%3Bsocialservices%2C20.0.500%2CN%3Btranslate%2C20.100.0%2CN%3Bui%2C20.5.887%2CN&search_module_id=&search_module=&search_category=7%2C14&search_type=&search_order=DESC&search_order_by=SORT&search_page=1&SUPD_SRS=RU&SUPD_CMP=N
2021-02-08 12:43:29 -  - exec CUpdateClientPartner::GetHTTPPage
2021-02-08 12:43:32 -  - TIME SearchModulesEx(request) 2.323 sec
2021-02-08 12:43:32 -  - exec CUpdateClientPartner::ParseServerData
2021-02-08 12:43:46 -  - exec CUpdateClientPartner::SearchModulesEx
2021-02-08 12:43:46 -  - exec CUpdateClientPartner::__CollectRequestData
2021-02-08 12:43:46 -  - utf=Y&lang=ru&stable=Y&CANGZIP=Y&SUPD_DBS=MYSQL&XE=N&CLIENT_SITE=biblio&LICENSE_KEY=X&SUPD_STS=1&SUPD_URS=0&SUPD_URSA=1&TYPENC=D&CLIENT_PHPVER=7.1.33&NGINX=Y&dbv=8.0.19&instm=main%2C20.200.300%2CY%3Bb24connector%2C20.5.0%2CN%3Bbitrix.sitecorporate%2C15.5.0%2CN%3Bbitrixcloud%2C20.5.0%2CN%3Bclouds%2C20.100.0%2CN%3Bfileman%2C20.5.0%2CN%3Bhighloadblock%2C20.100.0%2CN%3Biblock%2C20.0.1150%2CN%3Blanding%2C20.4.850%2CN%3Bmessageservice%2C20.100.0%2CN%3Bperfmon%2C20.100.0%2CN%3Brest%2C20.50.150%2CN%3Bsearch%2C20.5.0%2CN%3Bseo%2C20.0.400%2CN%3Bsocialservices%2C20.0.500%2CN%3Btranslate%2C20.100.0%2CN%3Bui%2C20.5.887%2CN&search_module_id=&search_module=&search_category=7%2C14&search_type=&search_order=DESC&search_order_by=SORT&search_page=1&SUPD_SRS=RU&SUPD_CMP=N
2021-02-08 12:43:46 -  - exec CUpdateClientPartner::GetHTTPPage
2021-02-08 12:43:47 -  - TIME SearchModulesEx(request) 0.899 sec
2021-02-08 12:43:47 -  - exec CUpdateClientPartner::ParseServerData
2021-02-08 12:43:57 -  - exec CUpdateClientPartner::LoadModulesUpdates
2021-02-08 12:43:57 -  - exec CUpdateClientPartner::__CollectRequestData
2021-02-08 12:43:57 -  - utf=Y&lang=ru&stable=Y&CANGZIP=Y&SUPD_DBS=MYSQL&XE=N&CLIENT_SITE=biblio&LICENSE_KEY=X&SUPD_STS=1&SUPD_URS=0&SUPD_URSA=1&TYPENC=D&CLIENT_PHPVER=7.1.33&NGINX=Y&dbv=8.0.19&instm=main%2C20.200.300%2CY%3Bb24connector%2C20.5.0%2CN%3Bbitrix.sitecorporate%2C15.5.0%2CN%3Bbitrixcloud%2C20.5.0%2CN%3Bclouds%2C20.100.0%2CN%3Bfileman%2C20.5.0%2CN%3Bhighloadblock%2C20.100.0%2CN%3Biblock%2C20.0.1150%2CN%3Blanding%2C20.4.850%2CN%3Bmessageservice%2C20.100.0%2CN%3Bperfmon%2C20.100.0%2CN%3Brest%2C20.50.150%2CN%3Bsearch%2C20.5.0%2CN%3Bseo%2C20.0.400%2CN%3Bsocialservices%2C20.0.500%2CN%3Btranslate%2C20.100.0%2CN%3Bui%2C20.5.887%2CN&reqm=nsandrey.emptyinstall&lim=Y&SUPD_SRS=RU&SUPD_CMP=N
2021-02-08 12:43:57 -  - exec CUpdateClientPartner::GetHTTPPage
2021-02-08 12:43:57 -  - TIME LoadModulesUpdates(request) 0.284 sec
2021-02-08 12:43:57 -  - exec CUpdateClientPartner::ParseServerData
2021-02-08 12:43:57 - S - STEP
2021-02-08 12:43:57 - LM4W01 - loadModule4Wizard-Step
2021-02-08 12:43:57 -  - exec CUpdateClientPartner::LoadModulesUpdates
2021-02-08 12:43:57 -  - exec CUpdateClientPartner::ParseServerData
2021-02-08 12:43:57 -  - loadFile
2021-02-08 12:43:58 - U - RETURN
2021-02-08 12:43:58 -  - exec CUpdateClientPartner::UnGzipArchive
2021-02-08 12:43:58 -  - TIME UnGzipArchive 0.251 sec
2021-02-08 12:43:58 -  - TIME UpdateStepModules 0.176 sec
2021-02-08 12:43:59 -  - exec CUpdateClientPartner::LoadModulesUpdates
2021-02-08 12:43:59 -  - exec CUpdateClientPartner::__CollectRequestData
2021-02-08 12:43:59 -  - utf=Y&lang=ru&stable=Y&CANGZIP=Y&SUPD_DBS=MYSQL&XE=N&CLIENT_SITE=biblio&LICENSE_KEY=X&SUPD_STS=1&SUPD_URS=0&SUPD_URSA=1&TYPENC=D&CLIENT_PHPVER=7.1.33&NGINX=Y&dbv=8.0.19&instm=main%2C20.200.300%2CY%3Bb24connector%2C20.5.0%2CN%3Bbitrix.sitecorporate%2C15.5.0%2CN%3Bbitrixcloud%2C20.5.0%2CN%3Bclouds%2C20.100.0%2CN%3Bfileman%2C20.5.0%2CN%3Bhighloadblock%2C20.100.0%2CN%3Biblock%2C20.0.1150%2CN%3Blanding%2C20.4.850%2CN%3Bmessageservice%2C20.100.0%2CN%3Bnsandrey.emptyinstall%2C1.0.5%2CN%3Bperfmon%2C20.100.0%2CN%3Brest%2C20.50.150%2CN%3Bsearch%2C20.5.0%2CN%3Bseo%2C20.0.400%2CN%3Bsocialservices%2C20.0.500%2CN%3Btranslate%2C20.100.0%2CN%3Bui%2C20.5.887%2CN&reqm=nsandrey.emptyinstall&lim=Y&SUPD_SRS=RU&SUPD_CMP=N
2021-02-08 12:43:59 -  - exec CUpdateClientPartner::GetHTTPPage
2021-02-08 12:43:59 -  - TIME LoadModulesUpdates(request) 0.671 sec
2021-02-08 12:43:59 -  - exec CUpdateClientPartner::ParseServerData
2021-02-08 12:43:59 - STEP - Finish - NOUPDATES
2021-02-08 12:43:59 - LM4W03 - Finish - NOUPDATES
2021-02-08 12:44:15 -  - exec CUpdateClientPartner::__CollectRequestData
2021-02-08 12:44:15 -  - exec CUpdateClientPartner::GetHTTPPage
2021-02-08 12:44:16 -  - exec CUpdateClientPartner::ParseServerData
2021-02-08 12:44:16 -  - exec CUpdateClientPartner::GetUpdatesList
2021-02-08 12:44:16 -  - exec CUpdateClientPartner::__CollectRequestData
2021-02-08 12:44:16 -  - utf=Y&lang=ru&stable=Y&CANGZIP=Y&SUPD_DBS=MYSQL&XE=N&CLIENT_SITE=biblio&LICENSE_KEY=X&SUPD_STS=1&SUPD_URS=0&SUPD_URSA=1&TYPENC=D&CLIENT_PHPVER=7.1.33&NGINX=Y&dbv=8.0.19&instm=main%2C20.200.300%2CY%3Bb24connector%2C20.5.0%2CN%3Bbitrix.sitecorporate%2C15.5.0%2CN%3Bbitrixcloud%2C20.5.0%2CN%3Bclouds%2C20.100.0%2CN%3Bfileman%2C20.5.0%2CN%3Bhighloadblock%2C20.100.0%2CN%3Biblock%2C20.0.1150%2CN%3Blanding%2C20.4.850%2CN%3Bmessageservice%2C20.100.0%2CN%3Bnsandrey.emptyinstall%2C1.0.5%2CN%3Bperfmon%2C20.100.0%2CN%3Brest%2C20.50.150%2CN%3Bsearch%2C20.5.0%2CN%3Bseo%2C20.0.400%2CN%3Bsocialservices%2C20.0.500%2CN%3Btranslate%2C20.100.0%2CN%3Bui%2C20.5.887%2CN&reqm=bitrix.sitecorporate%2Cnsandrey.emptyinstall&fullmoduleinfo=Y&SUPD_SRS=RU&SUPD_CMP=N
2021-02-08 12:44:16 -  - exec CUpdateClientPartner::GetHTTPPage
2021-02-08 12:44:16 -  - TIME GetUpdatesList(request) 0.272 sec
2021-02-08 12:44:16 -  - exec CUpdateClientPartner::ParseServerData
2021-02-08 12:44:16 -  - exec CUpdateClientPartner::__CollectRequestData
2021-02-08 12:44:16 -  - exec CUpdateClientPartner::GetHTTPPage
2021-02-08 12:44:16 -  - exec CUpdateClientPartner::ParseServerData
2021-02-12 09:13:23 -  - exec CUpdateClientPartner::__CollectRequestData
2021-02-12 09:13:23 -  - exec CUpdateClientPartner::GetHTTPPage
2021-02-12 09:13:23 -  - exec CUpdateClientPartner::ParseServerData
2021-02-12 09:13:23 -  - exec CUpdateClientPartner::GetUpdatesList
2021-02-12 09:13:23 -  - exec CUpdateClientPartner::__CollectRequestData
2021-02-12 09:13:23 -  - utf=Y&lang=ru&stable=Y&CANGZIP=Y&SUPD_DBS=MYSQL&XE=N&CLIENT_SITE=biblio&LICENSE_KEY=X&SUPD_STS=1&SUPD_URS=0&SUPD_URSA=1&TYPENC=D&CLIENT_PHPVER=7.1.33&NGINX=Y&dbv=8.0.19&instm=main%2C20.200.300%2CY%3Bb24connector%2C20.5.0%2CN%3Bbitrix.sitecorporate%2C15.5.0%2CN%3Bbitrixcloud%2C20.5.0%2CN%3Bclouds%2C20.100.0%2CN%3Bfileman%2C20.5.0%2CN%3Bhighloadblock%2C20.100.0%2CN%3Biblock%2C20.0.1150%2CN%3Blanding%2C20.4.850%2CN%3Bmessageservice%2C20.100.0%2CN%3Bnsandrey.emptyinstall%2C1.0.5%2CN%3Bperfmon%2C20.100.0%2CN%3Brest%2C20.50.150%2CN%3Bsearch%2C20.5.0%2CN%3Bseo%2C20.0.400%2CN%3Bsocialservices%2C20.0.500%2CN%3Btranslate%2C20.100.0%2CN%3Bui%2C20.5.887%2CN&reqm=bitrix.sitecorporate%2Cnsandrey.emptyinstall&fullmoduleinfo=Y&SUPD_SRS=RU&SUPD_CMP=N
2021-02-12 09:13:23 -  - exec CUpdateClientPartner::GetHTTPPage
2021-02-12 09:13:23 -  - TIME GetUpdatesList(request) 0.294 sec
2021-02-12 09:13:23 -  - exec CUpdateClientPartner::ParseServerData
2021-02-12 09:13:23 -  - exec CUpdateClientPartner::__CollectRequestData
2021-02-12 09:13:23 -  - exec CUpdateClientPartner::GetHTTPPage
2021-02-12 09:13:24 -  - exec CUpdateClientPartner::ParseServerData
